This is pdfTeX, Version 3.14159265-2.6-1.40.17 (MiKTeX 2.9) (preloaded format=pdflatex 2016.9.5)  24 JUN 2017 21:43
entering extended mode
**./Projeto.tex
(Projeto.tex
LaTeX2e <2016/03/31> patch level 3
Babel <3.9r> and hyphenation patterns for 75 language(s) loaded.

("C:\Users\MRafael\AppData\Local\Programs\MiKTeX 2.9\tex\latex\beamer\base\beam
er.cls"
("C:\Users\MRafael\AppData\Local\Programs\MiKTeX 2.9\tex\latex\beamer\base\beam
erbasercs.sty"
Package: beamerbasercs 2015/03/08 (rcs-revision 368aa9ba9d38)
)
Document Class: beamer 2015/01/05 3.36 A class for typesetting presentations (r
cs-revision 8a39122e1f63)

("C:\Users\MRafael\AppData\Local\Programs\MiKTeX 2.9\tex\latex\beamer\base\beam
erbasemodes.sty"
Package: beamerbasemodes 2013/09/03 (rcs-revision 768f2d98ca64)
\beamer@tempbox=\box26
\beamer@tempcount=\count79
\c@beamerpauses=\count80

("C:\Users\MRafael\AppData\Local\Programs\MiKTeX 2.9\tex\latex\beamer\base\beam
erbasedecode.sty"
Package: beamerbasedecode 2010/05/01 (rcs-revision efa082c6111d)
\beamer@slideinframe=\count81
\beamer@minimum=\count82
)
\beamer@commentbox=\box27
\beamer@modecount=\count83
)
("C:\Users\MRafael\AppData\Local\Programs\MiKTeX 2.9\tex\generic\oberdiek\ifpdf
.sty"
Package: ifpdf 2016/05/14 v3.1 Provides the ifpdf switch
)
\headheight=\dimen102
\headdp=\dimen103
\footheight=\dimen104
\sidebarheight=\dimen105
\beamer@tempdim=\dimen106
\beamer@finalheight=\dimen107
\beamer@animht=\dimen108
\beamer@animdp=\dimen109
\beamer@animwd=\dimen110
\beamer@leftmargin=\dimen111
\beamer@rightmargin=\dimen112
\beamer@leftsidebar=\dimen113
\beamer@rightsidebar=\dimen114
\beamer@boxsize=\dimen115
\beamer@vboxoffset=\dimen116
\beamer@descdefault=\dimen117
\beamer@descriptionwidth=\dimen118
\beamer@lastskip=\skip41
\beamer@areabox=\box28
\beamer@animcurrent=\box29
\beamer@animshowbox=\box30
\beamer@sectionbox=\box31
\beamer@logobox=\box32
\beamer@linebox=\box33
\beamer@sectioncount=\count84
\beamer@subsubsectionmax=\count85
\beamer@subsectionmax=\count86
\beamer@sectionmax=\count87
\beamer@totalheads=\count88
\beamer@headcounter=\count89
\beamer@partstartpage=\count90
\beamer@sectionstartpage=\count91
\beamer@subsectionstartpage=\count92
\beamer@animationtempa=\count93
\beamer@animationtempb=\count94
\beamer@xpos=\count95
\beamer@ypos=\count96
\beamer@showpartnumber=\count97
\beamer@currentsubsection=\count98
\beamer@coveringdepth=\count99
\beamer@sectionadjust=\count100
\beamer@tocsectionnumber=\count101

("C:\Users\MRafael\AppData\Local\Programs\MiKTeX 2.9\tex\latex\beamer\base\beam
erbaseoptions.sty"
Package: beamerbaseoptions 2013/03/10 (rcs-revision 47431932db0d)

("C:\Users\MRafael\AppData\Local\Programs\MiKTeX 2.9\tex\latex\graphics\keyval.
sty"
Package: keyval 2014/10/28 v1.15 key=value parser (DPC)
\KV@toks@=\toks14
))
\beamer@paperwidth=\skip42
\beamer@paperheight=\skip43

("C:\Users\MRafael\AppData\Local\Programs\MiKTeX 2.9\tex\latex\geometry\geometr
y.sty"
Package: geometry 2010/09/12 v5.6 Page Geometry

("C:\Users\MRafael\AppData\Local\Programs\MiKTeX 2.9\tex\generic\oberdiek\ifvte
x.sty"
Package: ifvtex 2016/05/16 v1.6 Detect VTeX and its facilities (HO)
Package ifvtex Info: VTeX not detected.
)
("C:\Users\MRafael\AppData\Local\Programs\MiKTeX 2.9\tex\generic\ifxetex\ifxete
x.sty"
Package: ifxetex 2010/09/12 v0.6 Provides ifxetex conditional
)
\Gm@cnth=\count102
\Gm@cntv=\count103
\c@Gm@tempcnt=\count104
\Gm@bindingoffset=\dimen119
\Gm@wd@mp=\dimen120
\Gm@odd@mp=\dimen121
\Gm@even@mp=\dimen122
\Gm@layoutwidth=\dimen123
\Gm@layoutheight=\dimen124
\Gm@layouthoffset=\dimen125
\Gm@layoutvoffset=\dimen126
\Gm@dimlist=\toks15

("C:\Users\MRafael\AppData\Local\Programs\MiKTeX 2.9\tex\latex\geometry\geometr
y.cfg"))
("C:\Users\MRafael\AppData\Local\Programs\MiKTeX 2.9\tex\latex\base\size11.clo"
File: size11.clo 2014/09/29 v1.4h Standard LaTeX file (size option)
)
("C:\Users\MRafael\AppData\Local\Programs\MiKTeX 2.9\tex\latex\pgf\basiclayer\p
gfcore.sty"
("C:\Users\MRafael\AppData\Local\Programs\MiKTeX 2.9\tex\latex\graphics\graphic
x.sty"
Package: graphicx 2014/10/28 v1.0g Enhanced LaTeX Graphics (DPC,SPQR)

("C:\Users\MRafael\AppData\Local\Programs\MiKTeX 2.9\tex\latex\graphics\graphic
s.sty"
Package: graphics 2016/07/10 v1.0t Standard LaTeX Graphics (DPC,SPQR)

("C:\Users\MRafael\AppData\Local\Programs\MiKTeX 2.9\tex\latex\graphics\trig.st
y"
Package: trig 2016/01/03 v1.10 sin cos tan (DPC)
)
("C:\Users\MRafael\AppData\Local\Programs\MiKTeX 2.9\tex\latex\00miktex\graphic
s.cfg"
File: graphics.cfg 2016/06/04 v1.11 sample graphics configuration
)
Package graphics Info: Driver file: pdftex.def on input line 99.

("C:\Users\MRafael\AppData\Local\Programs\MiKTeX 2.9\tex\latex\graphics-def\pdf
tex.def"
File: pdftex.def 2016/07/10 v0.06j Graphics/color for pdfTeX

("C:\Users\MRafael\AppData\Local\Programs\MiKTeX 2.9\tex\generic\oberdiek\infwa
rerr.sty"
Package: infwarerr 2016/05/16 v1.4 Providing info/warning/error messages (HO)
)
("C:\Users\MRafael\AppData\Local\Programs\MiKTeX 2.9\tex\generic\oberdiek\ltxcm
ds.sty"
Package: ltxcmds 2016/05/16 v1.23 LaTeX kernel commands for general use (HO)
)
\Gread@gobject=\count105
))
\Gin@req@height=\dimen127
\Gin@req@width=\dimen128
)
("C:\Users\MRafael\AppData\Local\Programs\MiKTeX 2.9\tex\latex\pgf\systemlayer\
pgfsys.sty"
("C:\Users\MRafael\AppData\Local\Programs\MiKTeX 2.9\tex\latex\pgf\utilities\pg
frcs.sty"
("C:\Users\MRafael\AppData\Local\Programs\MiKTeX 2.9\tex\generic\pgf\utilities\
pgfutil-common.tex"
\pgfutil@everybye=\toks16
\pgfutil@tempdima=\dimen129
\pgfutil@tempdimb=\dimen130

("C:\Users\MRafael\AppData\Local\Programs\MiKTeX 2.9\tex\generic\pgf\utilities\
pgfutil-common-lists.tex"))
("C:\Users\MRafael\AppData\Local\Programs\MiKTeX 2.9\tex\generic\pgf\utilities\
pgfutil-latex.def"
\pgfutil@abb=\box34

("C:\Users\MRafael\AppData\Local\Programs\MiKTeX 2.9\tex\latex\ms\everyshi.sty"
Package: everyshi 2001/05/15 v3.00 EveryShipout Package (MS)
))
("C:\Users\MRafael\AppData\Local\Programs\MiKTeX 2.9\tex\generic\pgf\utilities\
pgfrcs.code.tex"
Package: pgfrcs 2015/08/07 v3.0.1a (rcs-revision 1.31)
))
("C:\Users\MRafael\AppData\Local\Programs\MiKTeX 2.9\tex\generic\pgf\systemlaye
r\pgfsys.code.tex"
Package: pgfsys 2014/07/09 v3.0.1a (rcs-revision 1.48)

("C:\Users\MRafael\AppData\Local\Programs\MiKTeX 2.9\tex\generic\pgf\utilities\
pgfkeys.code.tex"
\pgfkeys@pathtoks=\toks17
\pgfkeys@temptoks=\toks18

("C:\Users\MRafael\AppData\Local\Programs\MiKTeX 2.9\tex\generic\pgf\utilities\
pgfkeysfiltered.code.tex"
\pgfkeys@tmptoks=\toks19
))
\pgf@x=\dimen131
\pgf@y=\dimen132
\pgf@xa=\dimen133
\pgf@ya=\dimen134
\pgf@xb=\dimen135
\pgf@yb=\dimen136
\pgf@xc=\dimen137
\pgf@yc=\dimen138
\w@pgf@writea=\write3
\r@pgf@reada=\read1
\c@pgf@counta=\count106
\c@pgf@countb=\count107
\c@pgf@countc=\count108
\c@pgf@countd=\count109
\t@pgf@toka=\toks20
\t@pgf@tokb=\toks21
\t@pgf@tokc=\toks22

("C:\Users\MRafael\AppData\Local\Programs\MiKTeX 2.9\tex\generic\pgf\systemlaye
r\pgf.cfg"
File: pgf.cfg 2008/05/14  (rcs-revision 1.7)
)
Driver file for pgf: pgfsys-pdftex.def

("C:\Users\MRafael\AppData\Local\Programs\MiKTeX 2.9\tex\generic\pgf\systemlaye
r\pgfsys-pdftex.def"
File: pgfsys-pdftex.def 2014/10/11  (rcs-revision 1.35)

("C:\Users\MRafael\AppData\Local\Programs\MiKTeX 2.9\tex\generic\pgf\systemlaye
r\pgfsys-common-pdf.def"
File: pgfsys-common-pdf.def 2013/10/10  (rcs-revision 1.13)
)))
("C:\Users\MRafael\AppData\Local\Programs\MiKTeX 2.9\tex\generic\pgf\systemlaye
r\pgfsyssoftpath.code.tex"
File: pgfsyssoftpath.code.tex 2013/09/09  (rcs-revision 1.9)
\pgfsyssoftpath@smallbuffer@items=\count110
\pgfsyssoftpath@bigbuffer@items=\count111
)
("C:\Users\MRafael\AppData\Local\Programs\MiKTeX 2.9\tex\generic\pgf\systemlaye
r\pgfsysprotocol.code.tex"
File: pgfsysprotocol.code.tex 2006/10/16  (rcs-revision 1.4)
))
("C:\Users\MRafael\AppData\Local\Programs\MiKTeX 2.9\tex\latex\xcolor\xcolor.st
y"
Package: xcolor 2016/05/11 v2.12 LaTeX color extensions (UK)

("C:\Users\MRafael\AppData\Local\Programs\MiKTeX 2.9\tex\latex\00miktex\color.c
fg"
File: color.cfg 2016/01/02 v1.6 sample color configuration
)
Package xcolor Info: Driver file: pdftex.def on input line 225.
Package xcolor Info: Model `cmy' substituted by `cmy0' on input line 1348.
Package xcolor Info: Model `hsb' substituted by `rgb' on input line 1352.
Package xcolor Info: Model `RGB' extended on input line 1364.
Package xcolor Info: Model `HTML' substituted by `rgb' on input line 1366.
Package xcolor Info: Model `Hsb' substituted by `hsb' on input line 1367.
Package xcolor Info: Model `tHsb' substituted by `hsb' on input line 1368.
Package xcolor Info: Model `HSB' substituted by `hsb' on input line 1369.
Package xcolor Info: Model `Gray' substituted by `gray' on input line 1370.
Package xcolor Info: Model `wave' substituted by `hsb' on input line 1371.
)
("C:\Users\MRafael\AppData\Local\Programs\MiKTeX 2.9\tex\generic\pgf\basiclayer
\pgfcore.code.tex"
Package: pgfcore 2010/04/11 v3.0.1a (rcs-revision 1.7)

("C:\Users\MRafael\AppData\Local\Programs\MiKTeX 2.9\tex\generic\pgf\math\pgfma
th.code.tex"
("C:\Users\MRafael\AppData\Local\Programs\MiKTeX 2.9\tex\generic\pgf\math\pgfma
thcalc.code.tex"
("C:\Users\MRafael\AppData\Local\Programs\MiKTeX 2.9\tex\generic\pgf\math\pgfma
thutil.code.tex")
("C:\Users\MRafael\AppData\Local\Programs\MiKTeX 2.9\tex\generic\pgf\math\pgfma
thparser.code.tex"
\pgfmath@dimen=\dimen139
\pgfmath@count=\count112
\pgfmath@box=\box35
\pgfmath@toks=\toks23
\pgfmath@stack@operand=\toks24
\pgfmath@stack@operation=\toks25
)
("C:\Users\MRafael\AppData\Local\Programs\MiKTeX 2.9\tex\generic\pgf\math\pgfma
thfunctions.code.tex"
("C:\Users\MRafael\AppData\Local\Programs\MiKTeX 2.9\tex\generic\pgf\math\pgfma
thfunctions.basic.code.tex")
("C:\Users\MRafael\AppData\Local\Programs\MiKTeX 2.9\tex\generic\pgf\math\pgfma
thfunctions.trigonometric.code.tex")
("C:\Users\MRafael\AppData\Local\Programs\MiKTeX 2.9\tex\generic\pgf\math\pgfma
thfunctions.random.code.tex")
("C:\Users\MRafael\AppData\Local\Programs\MiKTeX 2.9\tex\generic\pgf\math\pgfma
thfunctions.comparison.code.tex")
("C:\Users\MRafael\AppData\Local\Programs\MiKTeX 2.9\tex\generic\pgf\math\pgfma
thfunctions.base.code.tex")
("C:\Users\MRafael\AppData\Local\Programs\MiKTeX 2.9\tex\generic\pgf\math\pgfma
thfunctions.round.code.tex")
("C:\Users\MRafael\AppData\Local\Programs\MiKTeX 2.9\tex\generic\pgf\math\pgfma
thfunctions.misc.code.tex")
("C:\Users\MRafael\AppData\Local\Programs\MiKTeX 2.9\tex\generic\pgf\math\pgfma
thfunctions.integerarithmetics.code.tex")))
("C:\Users\MRafael\AppData\Local\Programs\MiKTeX 2.9\tex\generic\pgf\math\pgfma
thfloat.code.tex"
\c@pgfmathroundto@lastzeros=\count113
))
("C:\Users\MRafael\AppData\Local\Programs\MiKTeX 2.9\tex\generic\pgf\basiclayer
\pgfcorepoints.code.tex"
File: pgfcorepoints.code.tex 2013/10/07  (rcs-revision 1.27)
\pgf@picminx=\dimen140
\pgf@picmaxx=\dimen141
\pgf@picminy=\dimen142
\pgf@picmaxy=\dimen143
\pgf@pathminx=\dimen144
\pgf@pathmaxx=\dimen145
\pgf@pathminy=\dimen146
\pgf@pathmaxy=\dimen147
\pgf@xx=\dimen148
\pgf@xy=\dimen149
\pgf@yx=\dimen150
\pgf@yy=\dimen151
\pgf@zx=\dimen152
\pgf@zy=\dimen153
)
("C:\Users\MRafael\AppData\Local\Programs\MiKTeX 2.9\tex\generic\pgf\basiclayer
\pgfcorepathconstruct.code.tex"
File: pgfcorepathconstruct.code.tex 2013/10/07  (rcs-revision 1.29)
\pgf@path@lastx=\dimen154
\pgf@path@lasty=\dimen155
)
("C:\Users\MRafael\AppData\Local\Programs\MiKTeX 2.9\tex\generic\pgf\basiclayer
\pgfcorepathusage.code.tex"
File: pgfcorepathusage.code.tex 2014/11/02  (rcs-revision 1.24)
\pgf@shorten@end@additional=\dimen156
\pgf@shorten@start@additional=\dimen157
)
("C:\Users\MRafael\AppData\Local\Programs\MiKTeX 2.9\tex\generic\pgf\basiclayer
\pgfcorescopes.code.tex"
File: pgfcorescopes.code.tex 2015/05/08  (rcs-revision 1.46)
\pgfpic=\box36
\pgf@hbox=\box37
\pgf@layerbox@main=\box38
\pgf@picture@serial@count=\count114
)
("C:\Users\MRafael\AppData\Local\Programs\MiKTeX 2.9\tex\generic\pgf\basiclayer
\pgfcoregraphicstate.code.tex"
File: pgfcoregraphicstate.code.tex 2014/11/02  (rcs-revision 1.12)
\pgflinewidth=\dimen158
)
("C:\Users\MRafael\AppData\Local\Programs\MiKTeX 2.9\tex\generic\pgf\basiclayer
\pgfcoretransformations.code.tex"
File: pgfcoretransformations.code.tex 2015/08/07  (rcs-revision 1.20)
\pgf@pt@x=\dimen159
\pgf@pt@y=\dimen160
\pgf@pt@temp=\dimen161
)
("C:\Users\MRafael\AppData\Local\Programs\MiKTeX 2.9\tex\generic\pgf\basiclayer
\pgfcorequick.code.tex"
File: pgfcorequick.code.tex 2008/10/09  (rcs-revision 1.3)
)
("C:\Users\MRafael\AppData\Local\Programs\MiKTeX 2.9\tex\generic\pgf\basiclayer
\pgfcoreobjects.code.tex"
File: pgfcoreobjects.code.tex 2006/10/11  (rcs-revision 1.2)
)
("C:\Users\MRafael\AppData\Local\Programs\MiKTeX 2.9\tex\generic\pgf\basiclayer
\pgfcorepathprocessing.code.tex"
File: pgfcorepathprocessing.code.tex 2013/09/09  (rcs-revision 1.9)
)
("C:\Users\MRafael\AppData\Local\Programs\MiKTeX 2.9\tex\generic\pgf\basiclayer
\pgfcorearrows.code.tex"
File: pgfcorearrows.code.tex 2015/05/14  (rcs-revision 1.43)
\pgfarrowsep=\dimen162
)
("C:\Users\MRafael\AppData\Local\Programs\MiKTeX 2.9\tex\generic\pgf\basiclayer
\pgfcoreshade.code.tex"
File: pgfcoreshade.code.tex 2013/07/15  (rcs-revision 1.15)
\pgf@max=\dimen163
\pgf@sys@shading@range@num=\count115
)
("C:\Users\MRafael\AppData\Local\Programs\MiKTeX 2.9\tex\generic\pgf\basiclayer
\pgfcoreimage.code.tex"
File: pgfcoreimage.code.tex 2013/07/15  (rcs-revision 1.18)

("C:\Users\MRafael\AppData\Local\Programs\MiKTeX 2.9\tex\generic\pgf\basiclayer
\pgfcoreexternal.code.tex"
File: pgfcoreexternal.code.tex 2014/07/09  (rcs-revision 1.21)
\pgfexternal@startupbox=\box39
))
("C:\Users\MRafael\AppData\Local\Programs\MiKTeX 2.9\tex\generic\pgf\basiclayer
\pgfcorelayers.code.tex"
File: pgfcorelayers.code.tex 2013/07/18  (rcs-revision 1.7)
)
("C:\Users\MRafael\AppData\Local\Programs\MiKTeX 2.9\tex\generic\pgf\basiclayer
\pgfcoretransparency.code.tex"
File: pgfcoretransparency.code.tex 2013/09/30  (rcs-revision 1.5)
)
("C:\Users\MRafael\AppData\Local\Programs\MiKTeX 2.9\tex\generic\pgf\basiclayer
\pgfcorepatterns.code.tex"
File: pgfcorepatterns.code.tex 2013/11/07  (rcs-revision 1.5)
)))
("C:\Users\MRafael\AppData\Local\Programs\MiKTeX 2.9\tex\latex\pgf\utilities\xx
color.sty"
Package: xxcolor 2003/10/24 ver 0.1
\XC@nummixins=\count116
\XC@countmixins=\count117
)
("C:\Users\MRafael\AppData\Local\Programs\MiKTeX 2.9\tex\generic\oberdiek\atbeg
shi.sty"
Package: atbegshi 2016/06/09 v1.18 At begin shipout hook (HO)
)
("C:\Users\MRafael\AppData\Local\Programs\MiKTeX 2.9\tex\latex\hyperref\hyperre
f.sty"
Package: hyperref 2016/06/24 v6.83q Hypertext links for LaTeX

("C:\Users\MRafael\AppData\Local\Programs\MiKTeX 2.9\tex\generic\oberdiek\hobsu
b-hyperref.sty"
Package: hobsub-hyperref 2016/05/16 v1.14 Bundle oberdiek, subset hyperref (HO)


("C:\Users\MRafael\AppData\Local\Programs\MiKTeX 2.9\tex\generic\oberdiek\hobsu
b-generic.sty"
Package: hobsub-generic 2016/05/16 v1.14 Bundle oberdiek, subset generic (HO)
Package: hobsub 2016/05/16 v1.14 Construct package bundles (HO)
Package hobsub Info: Skipping package `infwarerr' (already loaded).
Package hobsub Info: Skipping package `ltxcmds' (already loaded).
Package: ifluatex 2016/05/16 v1.4 Provides the ifluatex switch (HO)
Package ifluatex Info: LuaTeX not detected.
Package hobsub Info: Skipping package `ifvtex' (already loaded).
Package: intcalc 2016/05/16 v1.2 Expandable calculations with integers (HO)
Package hobsub Info: Skipping package `ifpdf' (already loaded).
Package: etexcmds 2016/05/16 v1.6 Avoid name clashes with e-TeX commands (HO)
Package etexcmds Info: Could not find \expanded.
(etexcmds)             That can mean that you are not using pdfTeX 1.50 or
(etexcmds)             that some package has redefined \expanded.
(etexcmds)             In the latter case, load this package earlier.
Package: kvsetkeys 2016/05/16 v1.17 Key value parser (HO)
Package: kvdefinekeys 2016/05/16 v1.4 Define keys (HO)
Package: pdftexcmds 2016/05/21 v0.22 Utility functions of pdfTeX for LuaTeX (HO
)
Package pdftexcmds Info: LuaTeX not detected.
Package pdftexcmds Info: \pdf@primitive is available.
Package pdftexcmds Info: \pdf@ifprimitive is available.
Package pdftexcmds Info: \pdfdraftmode found.
Package: pdfescape 2016/05/16 v1.14 Implements pdfTeX's escape features (HO)
Package: bigintcalc 2016/05/16 v1.4 Expandable calculations on big integers (HO
)
Package: bitset 2016/05/16 v1.2 Handle bit-vector datatype (HO)
Package: uniquecounter 2016/05/16 v1.3 Provide unlimited unique counter (HO)
)
Package hobsub Info: Skipping package `hobsub' (already loaded).
Package: letltxmacro 2016/05/16 v1.5 Let assignment for LaTeX macros (HO)
Package: hopatch 2016/05/16 v1.3 Wrapper for package hooks (HO)
Package: xcolor-patch 2016/05/16 xcolor patch
Package: atveryend 2016/05/16 v1.9 Hooks at the very end of document (HO)
Package atveryend Info: \enddocument detected (standard20110627).
Package hobsub Info: Skipping package `atbegshi' (already loaded).
Package: refcount 2016/05/16 v3.5 Data extraction from label references (HO)
Package: hycolor 2016/05/16 v1.8 Color options for hyperref/bookmark (HO)
)
("C:\Users\MRafael\AppData\Local\Programs\MiKTeX 2.9\tex\latex\oberdiek\auxhook
.sty"
Package: auxhook 2016/05/16 v1.4 Hooks for auxiliary files (HO)
)
("C:\Users\MRafael\AppData\Local\Programs\MiKTeX 2.9\tex\latex\oberdiek\kvoptio
ns.sty"
Package: kvoptions 2016/05/16 v3.12 Key value format for package options (HO)
)
\@linkdim=\dimen164
\Hy@linkcounter=\count118
\Hy@pagecounter=\count119

("C:\Users\MRafael\AppData\Local\Programs\MiKTeX 2.9\tex\latex\hyperref\pd1enc.
def"
File: pd1enc.def 2016/06/24 v6.83q Hyperref: PDFDocEncoding definition (HO)
)
\Hy@SavedSpaceFactor=\count120

("C:\Users\MRafael\AppData\Local\Programs\MiKTeX 2.9\tex\latex\00miktex\hyperre
f.cfg"
File: hyperref.cfg 2002/06/06 v1.2 hyperref configuration of TeXLive
)
Package hyperref Info: Option `bookmarks' set `true' on input line 4362.
Package hyperref Info: Option `bookmarksopen' set `true' on input line 4362.
Package hyperref Info: Option `implicit' set `false' on input line 4362.
Package hyperref Info: Hyper figures OFF on input line 4486.
Package hyperref Info: Link nesting OFF on input line 4491.
Package hyperref Info: Hyper index ON on input line 4494.
Package hyperref Info: Plain pages OFF on input line 4501.
Package hyperref Info: Backreferencing OFF on input line 4506.
Package hyperref Info: Implicit mode OFF; no redefinition of LaTeX internals.
Package hyperref Info: Bookmarks ON on input line 4735.
\c@Hy@tempcnt=\count121

("C:\Users\MRafael\AppData\Local\Programs\MiKTeX 2.9\tex\latex\url\url.sty"
\Urlmuskip=\muskip10
Package: url 2013/09/16  ver 3.4  Verb mode for urls, etc.
)
LaTeX Info: Redefining \url on input line 5088.
\XeTeXLinkMargin=\dimen165
\Fld@menulength=\count122
\Field@Width=\dimen166
\Fld@charsize=\dimen167
Package hyperref Info: Hyper figures OFF on input line 6342.
Package hyperref Info: Link nesting OFF on input line 6347.
Package hyperref Info: Hyper index ON on input line 6350.
Package hyperref Info: backreferencing OFF on input line 6357.
Package hyperref Info: Link coloring OFF on input line 6362.
Package hyperref Info: Link coloring with OCG OFF on input line 6367.
Package hyperref Info: PDF/A mode OFF on input line 6372.
LaTeX Info: Redefining \ref on input line 6412.
LaTeX Info: Redefining \pageref on input line 6416.
\Hy@abspage=\count123


Package hyperref Message: Stopped early.

)

Package hyperref Message: Driver (autodetected): hpdftex.


("C:\Users\MRafael\AppData\Local\Programs\MiKTeX 2.9\tex\latex\hyperref\hpdftex
.def"
File: hpdftex.def 2016/06/24 v6.83q Hyperref driver for pdfTeX
\Fld@listcount=\count124
\c@bookmark@seq@number=\count125

("C:\Users\MRafael\AppData\Local\Programs\MiKTeX 2.9\tex\latex\oberdiek\rerunfi
lecheck.sty"
Package: rerunfilecheck 2016/05/16 v1.8 Rerun checks for auxiliary files (HO)
Package uniquecounter Info: New unique counter `rerunfilecheck' on input line 2
82.
))
("C:\Users\MRafael\AppData\Local\Programs\MiKTeX 2.9\tex\latex\beamer\base\beam
erbaserequires.sty"
Package: beamerbaserequires 2010/05/01  (rcs-revision efa082c6111d)

("C:\Users\MRafael\AppData\Local\Programs\MiKTeX 2.9\tex\latex\beamer\base\beam
erbasecompatibility.sty"
Package: beamerbasecompatibility 2012/05/01  (rcs-revision 67c48b3b652d)
)
("C:\Users\MRafael\AppData\Local\Programs\MiKTeX 2.9\tex\latex\beamer\base\beam
erbasefont.sty"
Package: beamerbasefont 2015/01/05  (rcs-revision b4b4bee242e2)

("C:\Users\MRafael\AppData\Local\Programs\MiKTeX 2.9\tex\latex\amsfonts\amssymb
.sty"
Package: amssymb 2013/01/14 v3.01 AMS font symbols

("C:\Users\MRafael\AppData\Local\Programs\MiKTeX 2.9\tex\latex\amsfonts\amsfont
s.sty"
Package: amsfonts 2013/01/14 v3.01 Basic AMSFonts support
\@emptytoks=\toks26
\symAMSa=\mathgroup4
\symAMSb=\mathgroup5
LaTeX Font Info:    Overwriting math alphabet `\mathfrak' in version `bold'
(Font)                  U/euf/m/n --> U/euf/b/n on input line 106.
))
("C:\Users\MRafael\AppData\Local\Programs\MiKTeX 2.9\tex\latex\sansmathaccent\s
ansmathaccent.sty"
Package: sansmathaccent 2013/03/28

("C:\Users\MRafael\AppData\Local\Programs\MiKTeX 2.9\tex\latex\filehook\filehoo
k.sty"
Package: filehook 2011/10/12 v0.5d Hooks for input files
)))
("C:\Users\MRafael\AppData\Local\Programs\MiKTeX 2.9\tex\latex\beamer\base\beam
erbasetranslator.sty"
Package: beamerbasetranslator 2010/06/11  (rcs-revision 85fd1cc7fc42)

("C:\Users\MRafael\AppData\Local\Programs\MiKTeX 2.9\tex\latex\beamer\base\tran
slator\translator.sty"
Package: translator 2010/06/12 ver 1.10

("C:\Users\MRafael\AppData\Local\Programs\MiKTeX 2.9\tex\latex\beamer\base\tran
slator\translator-language-mappings.tex")))
("C:\Users\MRafael\AppData\Local\Programs\MiKTeX 2.9\tex\latex\beamer\base\beam
erbasemisc.sty"
Package: beamerbasemisc 2013/09/03  (rcs-revision a55719c41d85)
)
("C:\Users\MRafael\AppData\Local\Programs\MiKTeX 2.9\tex\latex\beamer\base\beam
erbasetwoscreens.sty"
Package: beamerbasetwoscreens 2010/05/01  (rcs-revision efa082c6111d)
)
("C:\Users\MRafael\AppData\Local\Programs\MiKTeX 2.9\tex\latex\beamer\base\beam
erbaseoverlay.sty"
Package: beamerbaseoverlay 2013/12/25  (rcs-revision f6bd5e3805da)
\beamer@argscount=\count126
\beamer@lastskipcover=\skip44
\beamer@trivlistdepth=\count127
)
("C:\Users\MRafael\AppData\Local\Programs\MiKTeX 2.9\tex\latex\beamer\base\beam
erbasetitle.sty"
Package: beamerbasetitle 2010/09/21  (rcs-revision f0446ed0b6ae)
)
("C:\Users\MRafael\AppData\Local\Programs\MiKTeX 2.9\tex\latex\beamer\base\beam
erbasesection.sty"
Package: beamerbasesection 2013/06/07  (rcs-revision 60b9fe0f342f)
\c@lecture=\count128
\c@part=\count129
\c@section=\count130
\c@subsection=\count131
\c@subsubsection=\count132
)
("C:\Users\MRafael\AppData\Local\Programs\MiKTeX 2.9\tex\latex\beamer\base\beam
erbaseframe.sty"
Package: beamerbaseframe 2014/02/20  (rcs-revision 4b8ceeeff434)
\beamer@framebox=\box40
\beamer@frametitlebox=\box41
\beamer@zoombox=\box42
\beamer@zoomcount=\count133
\beamer@zoomframecount=\count134
\beamer@frametextheight=\dimen168
\c@subsectionslide=\count135
\beamer@frametopskip=\skip45
\beamer@framebottomskip=\skip46
\beamer@frametopskipautobreak=\skip47
\beamer@framebottomskipautobreak=\skip48
\beamer@envbody=\toks27
\framewidth=\dimen169
\c@framenumber=\count136
)
("C:\Users\MRafael\AppData\Local\Programs\MiKTeX 2.9\tex\latex\beamer\base\beam
erbaseverbatim.sty"
Package: beamerbaseverbatim 2015/01/05  (rcs-revision 431510bb5890)
\beamer@verbatimfileout=\write4
)
("C:\Users\MRafael\AppData\Local\Programs\MiKTeX 2.9\tex\latex\beamer\base\beam
erbaseframesize.sty"
Package: beamerbaseframesize 2011/09/12  (rcs-revision 70f9d8411e54)
\beamer@splitbox=\box43
\beamer@autobreakcount=\count137
\beamer@autobreaklastheight=\dimen170
\beamer@frametitletoks=\toks28
\beamer@framesubtitletoks=\toks29
)
("C:\Users\MRafael\AppData\Local\Programs\MiKTeX 2.9\tex\latex\beamer\base\beam
erbaseframecomponents.sty"
Package: beamerbaseframecomponents 2013/10/18  (rcs-revision 5cf6c5555a45)
\beamer@footins=\box44
)
("C:\Users\MRafael\AppData\Local\Programs\MiKTeX 2.9\tex\latex\beamer\base\beam
erbasecolor.sty"
Package: beamerbasecolor 2015/02/21  (rcs-revision d944b04ee2d5)
)
("C:\Users\MRafael\AppData\Local\Programs\MiKTeX 2.9\tex\latex\beamer\base\beam
erbasenotes.sty"
Package: beamerbasenotes 2012/12/19  (rcs-revision 1686da3db3c9)
\beamer@frameboxcopy=\box45
)
("C:\Users\MRafael\AppData\Local\Programs\MiKTeX 2.9\tex\latex\beamer\base\beam
erbasetoc.sty"
Package: beamerbasetoc 2015/03/08  (rcs-revision 7270298bbaae)
)
("C:\Users\MRafael\AppData\Local\Programs\MiKTeX 2.9\tex\latex\beamer\base\beam
erbasetemplates.sty"
Package: beamerbasetemplates 2010/05/01  (rcs-revision efa082c6111d)
\beamer@sbttoks=\toks30

("C:\Users\MRafael\AppData\Local\Programs\MiKTeX 2.9\tex\latex\beamer\base\beam
erbaseauxtemplates.sty"
Package: beamerbaseauxtemplates 2014/06/30  (rcs-revision 580088513a67)

("C:\Users\MRafael\AppData\Local\Programs\MiKTeX 2.9\tex\latex\beamer\base\beam
erbaseboxes.sty"
Package: beamerbaseboxes 2012/05/13  (rcs-revision 56972908a390)
\bmb@box=\box46
\bmb@colorbox=\box47
\bmb@boxshadow=\box48
\bmb@boxshadowball=\box49
\bmb@boxshadowballlarge=\box50
\bmb@temp=\dimen171
\bmb@dima=\dimen172
\bmb@dimb=\dimen173
\bmb@prevheight=\dimen174
)
\beamer@blockheadheight=\dimen175
))
("C:\Users\MRafael\AppData\Local\Programs\MiKTeX 2.9\tex\latex\beamer\base\beam
erbaselocalstructure.sty"
Package: beamerbaselocalstructure 2014/09/10  (rcs-revision 393f6dcff371)

("C:\Users\MRafael\AppData\Local\Programs\MiKTeX 2.9\tex\latex\tools\enumerate.
sty"
Package: enumerate 2015/07/23 v3.00 enumerate extensions (DPC)
\@enLab=\toks31
)
\c@figure=\count138
\c@table=\count139
\abovecaptionskip=\skip49
\belowcaptionskip=\skip50
)
("C:\Users\MRafael\AppData\Local\Programs\MiKTeX 2.9\tex\latex\beamer\base\beam
erbasenavigation.sty"
Package: beamerbasenavigation 2015/02/27  (rcs-revision 923f4bf87efa)
\beamer@section@min@dim=\dimen176
)
("C:\Users\MRafael\AppData\Local\Programs\MiKTeX 2.9\tex\latex\beamer\base\beam
erbasetheorems.sty"
Package: beamerbasetheorems 2010/06/06  (rcs-revision 7e7cc5e53e9d)

("C:\Users\MRafael\AppData\Local\Programs\MiKTeX 2.9\tex\latex\amsmath\amsmath.
sty"
Package: amsmath 2016/06/28 v2.15d AMS math features
\@mathmargin=\skip51

For additional information on amsmath, use the `?' option.

("C:\Users\MRafael\AppData\Local\Programs\MiKTeX 2.9\tex\latex\amsmath\amstext.
sty"
Package: amstext 2000/06/29 v2.01 AMS text

("C:\Users\MRafael\AppData\Local\Programs\MiKTeX 2.9\tex\latex\amsmath\amsgen.s
ty"
File: amsgen.sty 1999/11/30 v2.0 generic functions
\@emptytoks=\toks32
\ex@=\dimen177
))
("C:\Users\MRafael\AppData\Local\Programs\MiKTeX 2.9\tex\latex\amsmath\amsbsy.s
ty"
Package: amsbsy 1999/11/29 v1.2d Bold Symbols
\pmbraise@=\dimen178
)
("C:\Users\MRafael\AppData\Local\Programs\MiKTeX 2.9\tex\latex\amsmath\amsopn.s
ty"
Package: amsopn 2016/03/08 v2.02 operator names
)
\inf@bad=\count140
LaTeX Info: Redefining \frac on input line 199.
\uproot@=\count141
\leftroot@=\count142
LaTeX Info: Redefining \overline on input line 297.
\classnum@=\count143
\DOTSCASE@=\count144
LaTeX Info: Redefining \ldots on input line 394.
LaTeX Info: Redefining \dots on input line 397.
LaTeX Info: Redefining \cdots on input line 518.
\Mathstrutbox@=\box51
\strutbox@=\box52
\big@size=\dimen179
LaTeX Font Info:    Redeclaring font encoding OML on input line 634.
LaTeX Font Info:    Redeclaring font encoding OMS on input line 635.
\macc@depth=\count145
\c@MaxMatrixCols=\count146
\dotsspace@=\muskip11
\c@parentequation=\count147
\dspbrk@lvl=\count148
\tag@help=\toks33
\row@=\count149
\column@=\count150
\maxfields@=\count151
\andhelp@=\toks34
\eqnshift@=\dimen180
\alignsep@=\dimen181
\tagshift@=\dimen182
\tagwidth@=\dimen183
\totwidth@=\dimen184
\lineht@=\dimen185
\@envbody=\toks35
\multlinegap=\skip52
\multlinetaggap=\skip53
\mathdisplay@stack=\toks36
LaTeX Info: Redefining \[ on input line 2739.
LaTeX Info: Redefining \] on input line 2740.
)
("C:\Users\MRafael\AppData\Local\Programs\MiKTeX 2.9\tex\latex\amscls\amsthm.st
y"
Package: amsthm 2015/03/04 v2.20.2
\thm@style=\toks37
\thm@bodyfont=\toks38
\thm@headfont=\toks39
\thm@notefont=\toks40
\thm@headpunct=\toks41
\thm@preskip=\skip54
\thm@postskip=\skip55
\thm@headsep=\skip56
\dth@everypar=\toks42
)
\c@theorem=\count152
)
("C:\Users\MRafael\AppData\Local\Programs\MiKTeX 2.9\tex\latex\beamer\base\beam
erbasethemes.sty"
Package: beamerbasethemes 2010/05/01  (rcs-revision efa082c6111d)
))
("C:\Users\MRafael\AppData\Local\Programs\MiKTeX 2.9\tex\latex\beamer\base\them
es\theme\beamerthemedefault.sty"
Package: beamerthemedefault 2010/06/17  (rcs-revision d02a7cf4d8ae)

("C:\Users\MRafael\AppData\Local\Programs\MiKTeX 2.9\tex\latex\beamer\base\them
es\font\beamerfontthemedefault.sty"
Package: beamerfontthemedefault 2012/12/19  (rcs-revision 1686da3db3c9)
)
("C:\Users\MRafael\AppData\Local\Programs\MiKTeX 2.9\tex\latex\beamer\base\them
es\color\beamercolorthemedefault.sty"
Package: beamercolorthemedefault 2012/12/19  (rcs-revision 1686da3db3c9)
)
("C:\Users\MRafael\AppData\Local\Programs\MiKTeX 2.9\tex\latex\beamer\base\them
es\inner\beamerinnerthemedefault.sty"
Package: beamerinnerthemedefault 2014/06/30  (rcs-revision 580088513a67)
\beamer@dima=\dimen186
\beamer@dimb=\dimen187
)
("C:\Users\MRafael\AppData\Local\Programs\MiKTeX 2.9\tex\latex\beamer\base\them
es\outer\beamerouterthemedefault.sty"
Package: beamerouterthemedefault 2012/12/19  (rcs-revision 1686da3db3c9)
)))
("C:\Users\MRafael\AppData\Local\Programs\MiKTeX 2.9\tex\generic\babel\babel.st
y"
Package: babel 2016/04/23 3.9r The Babel package

*************************************
* Local config file bblopts.cfg used
*

("C:\Users\MRafael\AppData\Local\Programs\MiKTeX 2.9\tex\latex\arabi\bblopts.cf
g"
File: bblopts.cfg 2005/09/08 v0.1 add Arabic and Farsi to "declared" options of
 babel
)
("C:\Users\MRafael\AppData\Local\Programs\MiKTeX 2.9\tex\latex\babel-portuges\p
ortuges.ldf"
Language: portuges 2008/03/18 v1.2q Portuguese support from the babel system

("C:\Users\MRafael\AppData\Local\Programs\MiKTeX 2.9\tex\generic\babel\babel.de
f"
File: babel.def 2016/04/23 3.9r Babel common definitions
\babel@savecnt=\count153
\U@D=\dimen188
LaTeX Info: Redefining \textlatin on input line 1448.
)
\l@brazilian = a dialect from \language\l@portuges 
Package babel Info: Making " an active character on input line 145.
))
("C:\Users\MRafael\AppData\Local\Programs\MiKTeX 2.9\tex\latex\base\fontenc.sty
"
Package: fontenc 2016/06/19 v1.99m Standard LaTeX package
 ("C:\Users\MRafael\AppData\Local\Programs\MiKTeX 2.9\tex\latex\base\t1enc.def"
File: t1enc.def 2016/06/19 v1.99m Standard LaTeX file
LaTeX Font Info:    Redeclaring font encoding T1 on input line 48.
))
("C:\Users\MRafael\AppData\Local\Programs\MiKTeX 2.9\tex\latex\base\inputenc.st
y"
Package: inputenc 2015/03/17 v1.2c Input encoding file
\inpenc@prehook=\toks43
\inpenc@posthook=\toks44

("C:\Users\MRafael\AppData\Local\Programs\MiKTeX 2.9\tex\latex\base\latin1.def"
File: latin1.def 2015/03/17 v1.2c Input encoding file
))
("C:\Users\MRafael\AppData\Local\Programs\MiKTeX 2.9\tex\latex\beamer\base\them
es\theme\compatibility\beamerthemesplit.sty"
Package: beamerthemesplit 2010/06/17  (rcs-revision d02a7cf4d8ae)

("C:\Users\MRafael\AppData\Local\Programs\MiKTeX 2.9\tex\latex\beamer\base\them
es\color\beamercolorthemewhale.sty"
Package: beamercolorthemewhale 2010/06/17  (rcs-revision d02a7cf4d8ae)
)
("C:\Users\MRafael\AppData\Local\Programs\MiKTeX 2.9\tex\latex\beamer\base\them
es\outer\beamerouterthemesplit.sty"
Package: beamerouterthemesplit 2012/10/16  (rcs-revision 51a8c72084af)
)
("C:\Users\MRafael\AppData\Local\Programs\MiKTeX 2.9\tex\latex\beamer\base\them
es\font\beamerfontthemestructurebold.sty"
Package: beamerfontthemestructurebold 2010/06/17  (rcs-revision d02a7cf4d8ae)
))
("C:\Users\MRafael\AppData\Local\Programs\MiKTeX 2.9\tex\latex\graphics\epsfig.
sty"
Package: epsfig 1999/02/16 v1.7a (e)psfig emulation (SPQR)
\epsfxsize=\dimen189
\epsfysize=\dimen190
)
("C:\Users\MRafael\AppData\Local\Programs\MiKTeX 2.9\tex\latex\subfigure\subfig
ure.sty"
Package: subfigure 2002/07/30 v2.1.4 subfigure package
\subfigtopskip=\skip57
\subfigcapskip=\skip58
\subfigcaptopadj=\dimen191
\subfigbottomskip=\skip59
\subfigcapmargin=\dimen192
\subfiglabelskip=\skip60
\c@subfigure=\count154
\c@lofdepth=\count155
\c@subtable=\count156
\c@lotdepth=\count157

****************************************
* Local config file subfigure.cfg used *
****************************************

("C:\Users\MRafael\AppData\Local\Programs\MiKTeX 2.9\tex\latex\subfigure\subfig
ure.cfg")
\subfig@top=\skip61
\subfig@bottom=\skip62
)
("C:\Users\MRafael\AppData\Local\Programs\MiKTeX 2.9\tex\latex\beamer\base\them
es\theme\beamerthemeWarsaw.sty"
Package: beamerthemeWarsaw 2010/06/17  (rcs-revision d02a7cf4d8ae)

("C:\Users\MRafael\AppData\Local\Programs\MiKTeX 2.9\tex\latex\beamer\base\them
es\inner\beamerinnerthemerounded.sty"
Package: beamerinnerthemerounded 2010/06/17  (rcs-revision d02a7cf4d8ae)
)
("C:\Users\MRafael\AppData\Local\Programs\MiKTeX 2.9\tex\latex\beamer\base\them
es\outer\beamerouterthemeshadow.sty"
Package: beamerouterthemeshadow 2010/06/17  (rcs-revision d02a7cf4d8ae)
)
("C:\Users\MRafael\AppData\Local\Programs\MiKTeX 2.9\tex\latex\beamer\base\them
es\color\beamercolorthemeorchid.sty"
Package: beamercolorthemeorchid 2010/06/17  (rcs-revision d02a7cf4d8ae)
))
("C:\Users\MRafael\AppData\Local\Programs\MiKTeX 2.9\tex\latex\beamer\base\them
es\color\beamercolorthemerose.sty"
Package: beamercolorthemerose 2010/06/17  (rcs-revision d02a7cf4d8ae)
)
("C:\Users\MRafael\AppData\Local\Programs\MiKTeX 2.9\tex\latex\beamer\base\them
es\font\beamerfontthemeprofessionalfonts.sty"
Package: beamerfontthemeprofessionalfonts 2010/06/17  (rcs-revision d02a7cf4d8a
e)
) (Projeto.aux

LaTeX Warning: Label `fig6' multiply defined.


LaTeX Warning: Label `fig6' multiply defined.


LaTeX Warning: Label `fig6' multiply defined.


LaTeX Warning: Label `fig6' multiply defined.


LaTeX Warning: Label `fig6' multiply defined.


LaTeX Warning: Label `fig6' multiply defined.


LaTeX Warning: Label `fig6' multiply defined.


LaTeX Warning: Label `fig6' multiply defined.


LaTeX Warning: Label `fig6' multiply defined.


LaTeX Warning: Label `fig6' multiply defined.

)
\openout1 = `Projeto.aux'.

LaTeX Font Info:    Checking defaults for OML/cmm/m/it on input line 38.
LaTeX Font Info:    ... okay on input line 38.
LaTeX Font Info:    Checking defaults for T1/cmr/m/n on input line 38.
LaTeX Font Info:    ... okay on input line 38.
LaTeX Font Info:    Checking defaults for OT1/cmr/m/n on input line 38.
LaTeX Font Info:    ... okay on input line 38.
LaTeX Font Info:    Checking defaults for OMS/cmsy/m/n on input line 38.
LaTeX Font Info:    ... okay on input line 38.
LaTeX Font Info:    Checking defaults for OMX/cmex/m/n on input line 38.
LaTeX Font Info:    ... okay on input line 38.
LaTeX Font Info:    Checking defaults for U/cmr/m/n on input line 38.
LaTeX Font Info:    ... okay on input line 38.
LaTeX Font Info:    Checking defaults for PD1/pdf/m/n on input line 38.
LaTeX Font Info:    ... okay on input line 38.

*geometry* driver: auto-detecting
*geometry* detected driver: pdftex
*geometry* verbose mode - [ preamble ] result:
* driver: pdftex
* paper: custom
* layout: <same size as paper>
* layoutoffset:(h,v)=(0.0pt,0.0pt)
* modes: includehead includefoot 
* h-part:(L,W,R)=(28.45274pt, 307.28987pt, 28.45274pt)
* v-part:(T,H,B)=(0.0pt, 273.14662pt, 0.0pt)
* \paperwidth=364.19536pt
* \paperheight=273.14662pt
* \textwidth=307.28987pt
* \textheight=244.6939pt
* \oddsidemargin=-43.81725pt
* \evensidemargin=-43.81725pt
* \topmargin=-72.26999pt
* \headheight=14.22636pt
* \headsep=0.0pt
* \topskip=11.0pt
* \footskip=14.22636pt
* \marginparwidth=4.0pt
* \marginparsep=10.0pt
* \columnsep=10.0pt
* \skip\footins=10.0pt plus 4.0pt minus 2.0pt
* \hoffset=0.0pt
* \voffset=0.0pt
* \mag=1000
* \@twocolumnfalse
* \@twosidefalse
* \@mparswitchfalse
* \@reversemarginfalse
* (1in=72.27pt=25.4mm, 1cm=28.453pt)


("C:\Users\MRafael\AppData\Local\Programs\MiKTeX 2.9\tex\context\base\supp-pdf.
mkii"
[Loading MPS to PDF converter (version 2006.09.02).]
\scratchcounter=\count158
\scratchdimen=\dimen193
\scratchbox=\box53
\nofMPsegments=\count159
\nofMParguments=\count160
\everyMPshowfont=\toks45
\MPscratchCnt=\count161
\MPscratchDim=\dimen194
\MPnumerator=\count162
\makeMPintoPDFobject=\count163
\everyMPtoPDFconversion=\toks46
)
("C:\Users\MRafael\AppData\Local\Programs\MiKTeX 2.9\tex\latex\oberdiek\epstopd
f-base.sty"
Package: epstopdf-base 2016/05/15 v2.6 Base part for package epstopdf

("C:\Users\MRafael\AppData\Local\Programs\MiKTeX 2.9\tex\latex\oberdiek\grfext.
sty"
Package: grfext 2016/05/16 v1.2 Manage graphics extensions (HO)
)
Package epstopdf-base Info: Redefining graphics rule for `.eps' on input line 4
38.
Package grfext Info: Graphics extension search list:
(grfext)             [.png,.pdf,.jpg,.mps,.jpeg,.jbig2,.jb2,.PNG,.PDF,.JPG,.JPE
G,.JBIG2,.JB2,.eps]
(grfext)             \AppendGraphicsExtensions on input line 456.
) ABD: EveryShipout initializing macros
\AtBeginShipoutBox=\box54
Package hyperref Info: Link coloring OFF on input line 38.

("C:\Users\MRafael\AppData\Local\Programs\MiKTeX 2.9\tex\latex\hyperref\nameref
.sty"
Package: nameref 2016/05/21 v2.44 Cross-referencing by name of section

("C:\Users\MRafael\AppData\Local\Programs\MiKTeX 2.9\tex\generic\oberdiek\getti
tlestring.sty"
Package: gettitlestring 2016/05/16 v1.5 Cleanup title references (HO)
)
\c@section@level=\count164
)
LaTeX Info: Redefining \ref on input line 38.
LaTeX Info: Redefining \pageref on input line 38.
LaTeX Info: Redefining \nameref on input line 38.
 (Projeto.out) (Projeto.out)
\@outlinefile=\write5
\openout5 = `Projeto.out'.


("C:\Users\MRafael\AppData\Local\Programs\MiKTeX 2.9\tex\latex\beamer\base\tran
slator\dicts\translator-basic-dictionary\translator-basic-dictionary-English.di
ct"
Dictionary: translator-basic-dictionary, Language: English 
)
("C:\Users\MRafael\AppData\Local\Programs\MiKTeX 2.9\tex\latex\beamer\base\tran
slator\dicts\translator-bibliography-dictionary\translator-bibliography-diction
ary-English.dict"
Dictionary: translator-bibliography-dictionary, Language: English 
)
("C:\Users\MRafael\AppData\Local\Programs\MiKTeX 2.9\tex\latex\beamer\base\tran
slator\dicts\translator-environment-dictionary\translator-environment-dictionar
y-English.dict"
Dictionary: translator-environment-dictionary, Language: English 
)
("C:\Users\MRafael\AppData\Local\Programs\MiKTeX 2.9\tex\latex\beamer\base\tran
slator\dicts\translator-months-dictionary\translator-months-dictionary-English.
dict"
Dictionary: translator-months-dictionary, Language: English 
)
("C:\Users\MRafael\AppData\Local\Programs\MiKTeX 2.9\tex\latex\beamer\base\tran
slator\dicts\translator-numbers-dictionary\translator-numbers-dictionary-Englis
h.dict"
Dictionary: translator-numbers-dictionary, Language: English 
)
("C:\Users\MRafael\AppData\Local\Programs\MiKTeX 2.9\tex\latex\beamer\base\tran
slator\dicts\translator-theorem-dictionary\translator-theorem-dictionary-Englis
h.dict"
Dictionary: translator-theorem-dictionary, Language: English 
)
LaTeX Info: Redefining \includegraphics on input line 38.
 (Projeto.nav)

LaTeX Font Warning: Font shape `T1/cmss/bx/n' in size <4> not available
(Font)              size <5> substituted on input line 42.

<figs/logoIFG.jpg, id=89, 373.6359pt x 133.4586pt>
File: figs/logoIFG.jpg Graphic file (type jpg)
 <use figs/logoIFG.jpg>
Package pdftex.def Info: figs/logoIFG.jpg used on input line 42.
(pdftex.def)             Requested size: 42.67912pt x 15.24457pt.


LaTeX Font Warning: Font shape `T1/cmss/m/n' in size <4> not available
(Font)              size <5> substituted on input line 42.

[1{C:/Users/MRafael/AppData/Local/MiKTeX/2.9/pdftex/config/pdftex.map}

 <./figs/logoIFG.jpg>] (Projeto.toc
LaTeX Font Info:    Try loading font information for U+msa on input line 6.

("C:\Users\MRafael\AppData\Local\Programs\MiKTeX 2.9\tex\latex\amsfonts\umsa.fd
"
File: umsa.fd 2013/01/14 v3.01 AMS symbols A
)
LaTeX Font Info:    Try loading font information for U+msb on input line 6.

("C:\Users\MRafael\AppData\Local\Programs\MiKTeX 2.9\tex\latex\amsfonts\umsb.fd
"
File: umsb.fd 2013/01/14 v3.01 AMS symbols B
))
File: figs/logoIFG.jpg Graphic file (type jpg)
 <use figs/logoIFG.jpg>
Package pdftex.def Info: figs/logoIFG.jpg used on input line 48.
(pdftex.def)             Requested size: 42.67912pt x 15.24457pt.
 [2

]
File: figs/logoIFG.jpg Graphic file (type jpg)
 <use figs/logoIFG.jpg>
Package pdftex.def Info: figs/logoIFG.jpg used on input line 48.
(pdftex.def)             Requested size: 42.67912pt x 15.24457pt.
 [3


]
<figs/figura1.png, id=240, 645.16031pt x 252.945pt>
File: figs/figura1.png Graphic file (type png)
 <use figs/figura1.png>
Package pdftex.def Info: figs/figura1.png used on input line 70.
(pdftex.def)             Requested size: 227.62204pt x 89.24223pt.

Overfull \vbox (13.34732pt too high) detected at line 70
 []

File: figs/logoIFG.jpg Graphic file (type jpg)
<use figs/logoIFG.jpg>
Package pdftex.def Info: figs/logoIFG.jpg used on input line 70.
(pdftex.def)             Requested size: 42.67912pt x 15.24457pt.
 [4

 <./figs/figura1.png>]
<figs/figura2.png, id=279, 645.16031pt x 252.945pt>
File: figs/figura2.png Graphic file (type png)
 <use figs/figura2.png>
Package pdftex.def Info: figs/figura2.png used on input line 90.
(pdftex.def)             Requested size: 199.16928pt x 78.08406pt.

Overfull \vbox (15.78915pt too high) detected at line 90
 []

File: figs/logoIFG.jpg Graphic file (type jpg)
<use figs/logoIFG.jpg>
Package pdftex.def Info: figs/logoIFG.jpg used on input line 90.
(pdftex.def)             Requested size: 42.67912pt x 15.24457pt.
 [5

 <./figs/figura2.png>]
File: figs/logoIFG.jpg Graphic file (type jpg)
 <use figs/logoIFG.jpg>
Package pdftex.def Info: figs/logoIFG.jpg used on input line 102.
(pdftex.def)             Requested size: 42.67912pt x 15.24457pt.
 [6

]
File: figs/logoIFG.jpg Graphic file (type jpg)

<use figs/logoIFG.jpg>
Package pdftex.def Info: figs/logoIFG.jpg used on input line 112.
(pdftex.def)             Requested size: 42.67912pt x 15.24457pt.
 [7

]
File: figs/logoIFG.jpg Graphic file (type jpg)
 <use figs/logoIFG.jpg>
Package pdftex.def Info: figs/logoIFG.jpg used on input line 119.
(pdftex.def)             Requested size: 42.67912pt x 15.24457pt.
 [8

]
File: figs/logoIFG.jpg Graphic file (type jpg)
 <use figs/logoIFG.jpg>
Package pdftex.def Info: figs/logoIFG.jpg used on input line 130.
(pdftex.def)             Requested size: 42.67912pt x 15.24457pt.

[9

] <figs/tabela4.png, id=461, 617.30624pt x 115.18031pt>
File: figs/tabela4.png Graphic file (type png)

<use figs/tabela4.png>
Package pdftex.def Info: figs/tabela4.png used on input line 143.
(pdftex.def)             Requested size: 256.0748pt x 47.78134pt.
File: figs/logoIFG.jpg Graphic file (type jpg)
 <use figs/logoIFG.jpg>
Package pdftex.def Info: figs/logoIFG.jpg used on input line 143.
(pdftex.def)             Requested size: 42.67912pt x 15.24457pt.
 [10

 <./figs/tabela4.png>]
<figs/interface.png, id=498, 590.95781pt x 347.04657pt>
File: figs/interface.png Graphic file (type png)

<use figs/interface.png>
Package pdftex.def Info: figs/interface.png used on input line 154.
(pdftex.def)             Requested size: 256.0748pt x 150.38683pt.
File: figs/logoIFG.jpg Graphic file (type jpg)
 <use figs/logoIFG.jpg>
Package pdftex.def Info: figs/logoIFG.jpg used on input line 154.
(pdftex.def)             Requested size: 42.67912pt x 15.24457pt.
 [11

 <./figs/interface.png>]
<figs/imagem10.png, id=535, 499.11469pt x 254.45062pt>
File: figs/imagem10.png Graphic file (type png)
 <use figs/imagem10.png>
Package pdftex.def Info: figs/imagem10.png used on input line 167.
(pdftex.def)             Requested size: 170.71652pt x 87.03233pt.

<figs/imagem11.png, id=536, 861.9703pt x 423.83344pt>
File: figs/imagem11.png Graphic file (type png)
 <use figs/imagem11.png>
Package pdftex.def Info: figs/imagem11.png used on input line 167.
(pdftex.def)             Requested size: 113.81102pt x 55.9604pt.

Overfull \vbox (16.06917pt too high) detected at line 167
 []

File: figs/logoIFG.jpg Graphic file (type jpg)
<use figs/logoIFG.jpg>
Package pdftex.def Info: figs/logoIFG.jpg used on input line 167.
(pdftex.def)             Requested size: 42.67912pt x 15.24457pt.
 [12

 <./figs/imagem10.png> <./figs/imagem11.png>]
<figs/git.png, id=574, 913.4125pt x 381.425pt>
File: figs/git.png Graphic file (type png)
 <use figs/git.png>
Package pdftex.def Info: figs/git.png used on input line 178.
(pdftex.def)             Requested size: 199.16928pt x 83.16878pt.
File: figs/logoIFG.jpg Graphic file (type jpg)

<use figs/logoIFG.jpg>
Package pdftex.def Info: figs/logoIFG.jpg used on input line 178.
(pdftex.def)             Requested size: 42.67912pt x 15.24457pt.
 [13

 <./figs/git.png>]
File: figs/logoIFG.jpg Graphic file (type jpg)
 <use figs/logoIFG.jpg>
Package pdftex.def Info: figs/logoIFG.jpg used on input line 186.
(pdftex.def)             Requested size: 42.67912pt x 15.24457pt.
 [14

]
File: figs/logoIFG.jpg Graphic file (type jpg)

<use figs/logoIFG.jpg>
Package pdftex.def Info: figs/logoIFG.jpg used on input line 195.
(pdftex.def)             Requested size: 42.67912pt x 15.24457pt.
 [15

] <figs/github.jpg, id=678, 338.01282pt x 96.36pt>
File: figs/github.jpg Graphic file (type jpg)

<use figs/github.jpg>
Package pdftex.def Info: figs/github.jpg used on input line 210.
(pdftex.def)             Requested size: 199.16928pt x 56.77985pt.
File: figs/logoIFG.jpg Graphic file (type jpg)
 <use figs/logoIFG.jpg>
Package pdftex.def Info: figs/logoIFG.jpg used on input line 210.
(pdftex.def)             Requested size: 42.67912pt x 15.24457pt.
 [16

 <./figs/github.jpg>]
File: figs/logoIFG.jpg Graphic file (type jpg)

<use figs/logoIFG.jpg>
Package pdftex.def Info: figs/logoIFG.jpg used on input line 226.
(pdftex.def)             Requested size: 42.67912pt x 15.24457pt.
 [17

]
File: figs/logoIFG.jpg Graphic file (type jpg)
 <use figs/logoIFG.jpg>
Package pdftex.def Info: figs/logoIFG.jpg used on input line 236.
(pdftex.def)             Requested size: 42.67912pt x 15.24457pt.
 [18

]
<figs/imagem12.png, id=782, 3059.43pt x 2287.79718pt>
File: figs/imagem12.png Graphic file (type png)
 <use figs/imagem12.png>
Package pdftex.def Info: figs/imagem12.png used on input line 249.
(pdftex.def)             Requested size: 227.62204pt x 170.18103pt.

Overfull \vbox (42.25746pt too high) detected at line 249
 []

File: figs/logoIFG.jpg Graphic file (type jpg)
<use figs/logoIFG.jpg>
Package pdftex.def Info: figs/logoIFG.jpg used on input line 249.
(pdftex.def)             Requested size: 42.67912pt x 15.24457pt.
 [19

 <./figs/imagem12.png>]
<figs/imagem17.jpg, id=823, 1204.5pt x 855.195pt>
File: figs/imagem17.jpg Graphic file (type jpg)
 <use figs/imagem17.jpg>
Package pdftex.def Info: figs/imagem17.jpg used on input line 261.
(pdftex.def)             Requested size: 227.62204pt x 161.6014pt.
pdfTeX warning (ext4): destination with the same identifier (name{fig6}) has be
en already used, duplicate ignored
<to be read again> 
                   \relax 
l.261 }
       
Overfull \vbox (33.67783pt too high) detected at line 261
 []

File: figs/logoIFG.jpg Graphic file (type jpg)
<use figs/logoIFG.jpg>
Package pdftex.def Info: figs/logoIFG.jpg used on input line 261.
(pdftex.def)             Requested size: 42.67912pt x 15.24457pt.
 [20

 <./figs/imagem17.jpg>]
<figs/imagem18.png, id=860, 606.76688pt x 414.79968pt>
File: figs/imagem18.png Graphic file (type png)
 <use figs/imagem18.png>
Package pdftex.def Info: figs/imagem18.png used on input line 272.
(pdftex.def)             Requested size: 247.53888pt x 169.22717pt.
pdfTeX warning (ext4): destination with the same identifier (name{fig6}) has be
en already used, duplicate ignored
<to be read again> 
                   \relax 
l.272 }
       
Overfull \vbox (41.3036pt too high) detected at line 272
 []

File: figs/logoIFG.jpg Graphic file (type jpg)
<use figs/logoIFG.jpg>
Package pdftex.def Info: figs/logoIFG.jpg used on input line 272.
(pdftex.def)             Requested size: 42.67912pt x 15.24457pt.
 [21

 <./figs/imagem18.png>]
File: figs/logoIFG.jpg Graphic file (type jpg)
 <use figs/logoIFG.jpg>
Package pdftex.def Info: figs/logoIFG.jpg used on input line 281.
(pdftex.def)             Requested size: 42.67912pt x 15.24457pt.

[22

] <figs/imagem14.png, id=935, 250.68657pt x 152.82094pt>
File: figs/imagem14.png Graphic file (type png)

<use figs/imagem14.png>
Package pdftex.def Info: figs/imagem14.png used on input line 292.
(pdftex.def)             Requested size: 199.16928pt x 121.42209pt.
pdfTeX warning (ext4): destination with the same identifier (name{fig6}) has be
en already used, duplicate ignored
<to be read again> 
                   \relax 
l.292 }
       
File: figs/logoIFG.jpg Graphic file (type jpg)
 <use figs/logoIFG.jpg>
Package pdftex.def Info: figs/logoIFG.jpg used on input line 292.
(pdftex.def)             Requested size: 42.67912pt x 15.24457pt.
 [23

 <./figs/imagem14.png>]
File: figs/logoIFG.jpg Graphic file (type jpg)

<use figs/logoIFG.jpg>
Package pdftex.def Info: figs/logoIFG.jpg used on input line 301.
(pdftex.def)             Requested size: 42.67912pt x 15.24457pt.
 [24

]
<figs/setup2.png, id=1010, 380.17032pt x 396.7322pt>
File: figs/setup2.png Graphic file (type png)
 <use figs/setup2.png>
Package pdftex.def Info: figs/setup2.png used on input line 311.
(pdftex.def)             Requested size: 162.18062pt x 169.2476pt.
pdfTeX warning (ext4): destination with the same identifier (name{fig6}) has be
en already used, duplicate ignored
<to be read again> 
                   \relax 
l.311 }
       
Overfull \vbox (11.78006pt too high) detected at line 311
 []

File: figs/logoIFG.jpg Graphic file (type jpg)
<use figs/logoIFG.jpg>
Package pdftex.def Info: figs/logoIFG.jpg used on input line 311.
(pdftex.def)             Requested size: 42.67912pt x 15.24457pt.
 [25

 <./figs/setup2.png>]
File: figs/logoIFG.jpg Graphic file (type jpg)
 <use figs/logoIFG.jpg>
Package pdftex.def Info: figs/logoIFG.jpg used on input line 321.
(pdftex.def)             Requested size: 42.67912pt x 15.24457pt.
 [26

]
<figs/setup1.png, id=1087, 608.2725pt x 421.575pt>
File: figs/setup1.png Graphic file (type png)
 <use figs/setup1.png>
Package pdftex.def Info: figs/setup1.png used on input line 330.
(pdftex.def)             Requested size: 241.84842pt x 167.61707pt.
pdfTeX warning (ext4): destination with the same identifier (name{fig6}) has be
en already used, duplicate ignored
<to be read again> 
                   \relax 
l.330 }
       
Overfull \vbox (10.14952pt too high) detected at line 330
 []

File: figs/logoIFG.jpg Graphic file (type jpg)
<use figs/logoIFG.jpg>
Package pdftex.def Info: figs/logoIFG.jpg used on input line 330.
(pdftex.def)             Requested size: 42.67912pt x 15.24457pt.
 [27

 <./figs/setup1.png>]
<figs/imagem16.png, id=1125, 368.1253pt x 130.98938pt>
File: figs/imagem16.png Graphic file (type png)
 <use figs/imagem16.png>
Package pdftex.def Info: figs/imagem16.png used on input line 343.
(pdftex.def)             Requested size: 278.83708pt x 99.22516pt.
pdfTeX warning (ext4): destination with the same identifier (name{fig6}) has be
en already used, duplicate ignored
<to be read again> 
                   \relax 
l.343 }
       
File: figs/logoIFG.jpg Graphic file (type jpg)
 <use figs/logoIFG.jpg>
Package pdftex.def Info: figs/logoIFG.jpg used on input line 343.
(pdftex.def)             Requested size: 42.67912pt x 15.24457pt.
 [28

 <./figs/imagem16.png>]
File: figs/logoIFG.jpg Graphic file (type jpg)

<use figs/logoIFG.jpg>
Package pdftex.def Info: figs/logoIFG.jpg used on input line 351.
(pdftex.def)             Requested size: 42.67912pt x 15.24457pt.
 [29

]
<figs/imagem13.png, id=1199, 555.57562pt x 347.79938pt>
File: figs/imagem13.png Graphic file (type png)

<use figs/imagem13.png>
Package pdftex.def Info: figs/imagem13.png used on input line 361.
(pdftex.def)             Requested size: 261.76526pt x 163.86905pt.
pdfTeX warning (ext4): destination with the same identifier (name{fig6}) has be
en already used, duplicate ignored
<to be read again> 
                   \relax 
l.361 }
       
Overfull \vbox (6.4015pt too high) detected at line 361
 []

File: figs/logoIFG.jpg Graphic file (type jpg)
<use figs/logoIFG.jpg>
Package pdftex.def Info: figs/logoIFG.jpg used on input line 361.
(pdftex.def)             Requested size: 42.67912pt x 15.24457pt.
 [30

 <./figs/imagem13.png>]
File: figs/logoIFG.jpg Graphic file (type jpg)
 <use figs/logoIFG.jpg>
Package pdftex.def Info: figs/logoIFG.jpg used on input line 371.
(pdftex.def)             Requested size: 42.67912pt x 15.24457pt.

[31

]
File: figs/logoIFG.jpg Graphic file (type jpg)
 <use figs/logoIFG.jpg>
Package pdftex.def Info: figs/logoIFG.jpg used on input line 383.
(pdftex.def)             Requested size: 42.67912pt x 15.24457pt.
 [32

]
<figs/tabela1.png, id=1306, 970.3753pt x 116.68594pt>
File: figs/tabela1.png Graphic file (type png)
 <use figs/tabela1.png>
Package pdftex.def Info: figs/tabela1.png used on input line 395.
(pdftex.def)             Requested size: 312.9803pt x 37.63582pt.
pdfTeX warning (ext4): destination with the same identifier (name{fig6}) has be
en already used, duplicate ignored
<to be read again> 
                   \relax 
l.395 }
       
Overfull \hbox (5.69043pt too wide) in paragraph at lines 395--395
 [][][][] 
 []

File: figs/logoIFG.jpg Graphic file (type jpg)
<use figs/logoIFG.jpg>
Package pdftex.def Info: figs/logoIFG.jpg used on input line 395.
(pdftex.def)             Requested size: 42.67912pt x 15.24457pt.
 [33

 <./figs/tabela1.png>]
<figs/tabela3.png, id=1342, 573.64313pt x 115.18031pt>
File: figs/tabela3.png Graphic file (type png)
 <use figs/tabela3.png>
Package pdftex.def Info: figs/tabela3.png used on input line 407.
(pdftex.def)             Requested size: 284.52756pt x 57.12953pt.
pdfTeX warning (ext4): destination with the same identifier (name{fig6}) has be
en already used, duplicate ignored
<to be read again> 
                   \relax 
l.407 }
       
File: figs/logoIFG.jpg Graphic file (type jpg)
 <use figs/logoIFG.jpg>
Package pdftex.def Info: figs/logoIFG.jpg used on input line 407.
(pdftex.def)             Requested size: 42.67912pt x 15.24457pt.
 [34

 <./figs/tabela3.png>]
<figs/tabela2.png, id=1376, 873.2625pt x 117.43875pt>
File: figs/tabela2.png Graphic file (type png)
 <use figs/tabela2.png>
Package pdftex.def Info: figs/tabela2.png used on input line 420.
(pdftex.def)             Requested size: 312.9803pt x 42.08975pt.
pdfTeX warning (ext4): destination with the same identifier (name{fig6}) has be
en already used, duplicate ignored
<to be read again> 
                   \relax 
l.420 }
       
Overfull \hbox (5.69043pt too wide) in paragraph at lines 420--420
 [][][][] 
 []

File: figs/logoIFG.jpg Graphic file (type jpg)
<use figs/logoIFG.jpg>
Package pdftex.def Info: figs/logoIFG.jpg used on input line 420.
(pdftex.def)             Requested size: 42.67912pt x 15.24457pt.
 [35

 <./figs/tabela2.png>]
File: figs/logoIFG.jpg Graphic file (type jpg)
 <use figs/logoIFG.jpg>
Package pdftex.def Info: figs/logoIFG.jpg used on input line 437.
(pdftex.def)             Requested size: 42.67912pt x 15.24457pt.

[36

 <C:/Users/MRafael/AppData/Local/Programs/MiKTeX 2.9/tex/latex/beamer/base/art/
beamericonarticle.pdf>]
File: figs/logoIFG.jpg Graphic file (type jpg)
 <use figs/logoIFG.jpg>
Package pdftex.def Info: figs/logoIFG.jpg used on input line 449.
(pdftex.def)             Requested size: 42.67912pt x 15.24457pt.
 [37

]
Overfull \vbox (8.7581pt too high) detected at line 463
 []

File: figs/logoIFG.jpg Graphic file (type jpg)
<use figs/logoIFG.jpg>
Package pdftex.def Info: figs/logoIFG.jpg used on input line 463.
(pdftex.def)             Requested size: 42.67912pt x 15.24457pt.
 [38

]
File: figs/logoIFG.jpg Graphic file (type jpg)
 <use figs/logoIFG.jpg>
Package pdftex.def Info: figs/logoIFG.jpg used on input line 477.
(pdftex.def)             Requested size: 42.67912pt x 15.24457pt.
 [39

]
File: figs/logoIFG.jpg Graphic file (type jpg)
 <use figs/logoIFG.jpg>
Package pdftex.def Info: figs/logoIFG.jpg used on input line 491.
(pdftex.def)             Requested size: 42.67912pt x 15.24457pt.

[40

]
File: figs/logoIFG.jpg Graphic file (type jpg)
 <use figs/logoIFG.jpg>
Package pdftex.def Info: figs/logoIFG.jpg used on input line 502.
(pdftex.def)             Requested size: 42.67912pt x 15.24457pt.
 [41

]
\tf@nav=\write6
\openout6 = `Projeto.nav'.

\tf@toc=\write7
\openout7 = `Projeto.toc'.

\tf@snm=\write8
\openout8 = `Projeto.snm'.

Package atveryend Info: Empty hook `BeforeClearDocument' on input line 505.
Package atveryend Info: Empty hook `AfterLastShipout' on input line 505.
 (Projeto.aux)
Package atveryend Info: Executing hook `AtVeryEndDocument' on input line 505.
Package atveryend Info: Executing hook `AtEndAfterFileList' on input line 505.
Package rerunfilecheck Info: File `Projeto.out' has not changed.
(rerunfilecheck)             Checksum: F96345DD2E452F1E173274D65EF6E8FE;867.


LaTeX Font Warning: Size substitutions with differences
(Font)              up to 1.0pt have occurred.


LaTeX Warning: There were multiply-defined labels.

Package atveryend Info: Empty hook `AtVeryVeryEnd' on input line 505.
 ) 
Here is how much of TeX's memory you used:
 18079 strings out of 493334
 350601 string characters out of 3129357
 419260 words of memory out of 3000000
 21007 multiletter control sequences out of 15000+200000
 22703 words of font info for 61 fonts, out of 3000000 for 9000
 1141 hyphenation exceptions out of 8191
 56i,23n,70p,419b,669s stack positions out of 5000i,500n,10000p,200000b,50000s
 <C:\Users\MRafael\AppData\Local\MiKTeX\2.9\fonts\pk\ljfour\jknappen\ec\dpi60
0\ecsi0800.pk> <C:\Users\MRafael\AppData\Local\MiKTeX\2.9\fonts\pk\ljfour\jknap
pen\ec\dpi600\ecsi1095.pk> <C:\Users\MRafael\AppData\Local\MiKTeX\2.9\fonts\pk\
ljfour\jknappen\ec\dpi600\ecsx1200.pk> <C:\Users\MRafael\AppData\Local\MiKTeX\2
.9\fonts\pk\ljfour\jknappen\ec\dpi600\ecsx0500.pk> <C:\Users\MRafael\AppData\Lo
cal\MiKTeX\2.9\fonts\pk\ljfour\jknappen\ec\dpi600\ecss1000.pk> <C:\Users\MRafae
l\AppData\Local\MiKTeX\2.9\fonts\pk\ljfour\jknappen\ec\dpi600\ecss0900.pk> <C:\
Users\MRafael\AppData\Local\MiKTeX\2.9\fonts\pk\ljfour\jknappen\ec\dpi600\ecsx0
800.pk> <C:\Users\MRafael\AppData\Local\MiKTeX\2.9\fonts\pk\ljfour\jknappen\ec\
dpi600\ecss0800.pk> <C:\Users\MRafael\AppData\Local\MiKTeX\2.9\fonts\pk\ljfour\
jknappen\ec\dpi600\ecss1095.pk> <C:\Users\MRafael\AppData\Local\MiKTeX\2.9\font
s\pk\ljfour\jknappen\ec\dpi600\ecss1440.pk> <C:\Users\MRafael\AppData\Local\MiK
TeX\2.9\fonts\pk\ljfour\jknappen\ec\dpi600\ecsx0600.pk>
Output written on Projeto.pdf (41 pages, 2170721 bytes).
PDF statistics:
 2060 PDF objects out of 2073 (max. 8388607)
 118 named destinations out of 1000 (max. 500000)
 305 words of extra memory for PDF output out of 10000 (max. 10000000)

